

*******************************************************************************
Wed Jul  9 15:10:01 2014


FIT:    data read from 'longsweep'.i using 1:3
        format = x:z
        x range restricted to [-50.0000 : 50.0000]
        #datapoints = 48
        residuals are weighted equally (unit weight)

function used for fitting: f1(x)
fitted parameters initialized with current variable values



 Iteration 0
 WSSR        : 2.69466e+14       delta(WSSR)/WSSR   : 0
 delta(WSSR) : 0                 limit for stopping : 1e-05
 lambda	  : 360516

initial set of free parameter values

Ro              = 1.3e+07
Voff            = 2
sigma           = 10

After 12 iterations the fit converged.
final sum of squares of residuals : 1.46787e+14
rel. change during last iteration : -7.68183e-06

degrees of freedom    (FIT_NDF)                        : 45
rms of residuals      (FIT_STDFIT) = sqrt(WSSR/ndf)    : 1.80608e+06
variance of residuals (reduced chisquare) = WSSR/ndf   : 3.26194e+12

Final set of parameters            Asymptotic Standard Error
=======================            ==========================

Ro              = 1.55755e+07      +/- 7.751e+05    (4.976%)
Voff            = -0.915024        +/- 0.5279       (57.7%)
sigma           = 9.18533          +/- 0.5279       (5.748%)


correlation matrix of the fit parameters:

               Ro     Voff   sigma  
Ro              1.000 
Voff           -0.000  1.000 
sigma          -0.577  0.000  1.000 


*******************************************************************************
Wed Jul  9 15:30:34 2014


FIT:    data read from 'longsweep'.i using 1:3
        format = x:z
        x range restricted to [-50.0000 : 50.0000]
        #datapoints = 51
        residuals are weighted equally (unit weight)

function used for fitting: f1(x)
fitted parameters initialized with current variable values



 Iteration 0
 WSSR        : 2.84088e+14       delta(WSSR)/WSSR   : 0
 delta(WSSR) : 0                 limit for stopping : 1e-05
 lambda	  : 349752

initial set of free parameter values

Ro              = 1.3e+07
Voff            = 2
sigma           = 10

After 11 iterations the fit converged.
final sum of squares of residuals : 9.69948e+13
rel. change during last iteration : -8.77736e-06

degrees of freedom    (FIT_NDF)                        : 48
rms of residuals      (FIT_STDFIT) = sqrt(WSSR/ndf)    : 1.42152e+06
variance of residuals (reduced chisquare) = WSSR/ndf   : 2.02072e+12

Final set of parameters            Asymptotic Standard Error
=======================            ==========================

Ro              = 1.54741e+07      +/- 6.519e+05    (4.213%)
Voff            = -1.60332         +/- 0.3914       (24.41%)
sigma           = 8.04445          +/- 0.3914       (4.866%)


correlation matrix of the fit parameters:

               Ro     Voff   sigma  
Ro              1.000 
Voff           -0.000  1.000 
sigma          -0.577  0.000  1.000 
