

*******************************************************************************
Wed Jul  9 15:10:01 2014


FIT:    data read from 'longsweep'.i using 1:3
        format = x:z
        x range restricted to [-50.0000 : 50.0000]
        #datapoints = 48
        residuals are weighted equally (unit weight)

function used for fitting: f1(x)
fitted parameters initialized with current variable values



 Iteration 0
 WSSR        : 4.4883e+14        delta(WSSR)/WSSR   : 0
 delta(WSSR) : 0                 limit for stopping : 1e-05
 lambda	  : 360516

initial set of free parameter values

Ro              = 1.3e+07
Voff            = 2
sigma           = 10

After 11 iterations the fit converged.
final sum of squares of residuals : 1.48004e+14
rel. change during last iteration : -6.94018e-06

degrees of freedom    (FIT_NDF)                        : 45
rms of residuals      (FIT_STDFIT) = sqrt(WSSR/ndf)    : 1.81356e+06
variance of residuals (reduced chisquare) = WSSR/ndf   : 3.28899e+12

Final set of parameters            Asymptotic Standard Error
=======================            ==========================

Ro              = 1.54735e+07      +/- 7.24e+05     (4.679%)
Voff            = -3.17462         +/- 0.5736       (18.07%)
sigma           = 10.6142          +/- 0.5736       (5.404%)


correlation matrix of the fit parameters:

               Ro     Voff   sigma  
Ro              1.000 
Voff           -0.000  1.000 
sigma          -0.577  0.000  1.000 


*******************************************************************************
Wed Jul  9 15:30:34 2014


FIT:    data read from 'longsweep'.i using 1:3
        format = x:z
        x range restricted to [-50.0000 : 50.0000]
        #datapoints = 51
        residuals are weighted equally (unit weight)

function used for fitting: f1(x)
fitted parameters initialized with current variable values



 Iteration 0
 WSSR        : 1.26876e+14       delta(WSSR)/WSSR   : 0
 delta(WSSR) : 0                 limit for stopping : 1e-05
 lambda	  : 349752

initial set of free parameter values

Ro              = 1.3e+07
Voff            = 2
sigma           = 10

After 11 iterations the fit converged.
final sum of squares of residuals : 8.7747e+13
rel. change during last iteration : -4.23e-06

degrees of freedom    (FIT_NDF)                        : 48
rms of residuals      (FIT_STDFIT) = sqrt(WSSR/ndf)    : 1.35206e+06
variance of residuals (reduced chisquare) = WSSR/ndf   : 1.82806e+12

Final set of parameters            Asymptotic Standard Error
=======================            ==========================

Ro              = 1.53715e+07      +/- 5.761e+05    (3.748%)
Voff            = 2.59007          +/- 0.4033       (15.57%)
sigma           = 9.31756          +/- 0.4033       (4.329%)


correlation matrix of the fit parameters:

               Ro     Voff   sigma  
Ro              1.000 
Voff            0.000  1.000 
sigma          -0.577 -0.000  1.000 
