

*******************************************************************************
Wed Jul  9 15:10:01 2014


FIT:    data read from 'longsweep'.i using 1:3
        format = x:z
        x range restricted to [-50.0000 : 50.0000]
        #datapoints = 48
        residuals are weighted equally (unit weight)

function used for fitting: f1(x)
fitted parameters initialized with current variable values



 Iteration 0
 WSSR        : 3.63026e+14       delta(WSSR)/WSSR   : 0
 delta(WSSR) : 0                 limit for stopping : 1e-05
 lambda	  : 360516

initial set of free parameter values

Ro              = 1.3e+07
Voff            = 2
sigma           = 10

After 11 iterations the fit converged.
final sum of squares of residuals : 1.18589e+14
rel. change during last iteration : -2.3534e-06

degrees of freedom    (FIT_NDF)                        : 45
rms of residuals      (FIT_STDFIT) = sqrt(WSSR/ndf)    : 1.62336e+06
variance of residuals (reduced chisquare) = WSSR/ndf   : 2.6353e+12

Final set of parameters            Asymptotic Standard Error
=======================            ==========================

Ro              = 1.53721e+07      +/- 6.477e+05    (4.213%)
Voff            = -2.5368          +/- 0.5172       (20.39%)
sigma           = 10.6281          +/- 0.5172       (4.866%)


correlation matrix of the fit parameters:

               Ro     Voff   sigma  
Ro              1.000 
Voff           -0.000  1.000 
sigma          -0.577  0.000  1.000 


*******************************************************************************
Wed Jul  9 15:30:34 2014


FIT:    data read from 'longsweep'.i using 1:3
        format = x:z
        x range restricted to [-50.0000 : 50.0000]
        #datapoints = 51
        residuals are weighted equally (unit weight)

function used for fitting: f1(x)
fitted parameters initialized with current variable values



 Iteration 0
 WSSR        : 2.94217e+14       delta(WSSR)/WSSR   : 0
 delta(WSSR) : 0                 limit for stopping : 1e-05
 lambda	  : 349752

initial set of free parameter values

Ro              = 1.3e+07
Voff            = 2
sigma           = 10

After 12 iterations the fit converged.
final sum of squares of residuals : 1.04489e+14
rel. change during last iteration : -5.42238e-06

degrees of freedom    (FIT_NDF)                        : 48
rms of residuals      (FIT_STDFIT) = sqrt(WSSR/ndf)    : 1.47542e+06
variance of residuals (reduced chisquare) = WSSR/ndf   : 2.17685e+12

Final set of parameters            Asymptotic Standard Error
=======================            ==========================

Ro              = 1.55216e+07      +/- 6.789e+05    (4.374%)
Voff            = -1.58919         +/- 0.4036       (25.4%)
sigma           = 7.99028          +/- 0.4036       (5.052%)


correlation matrix of the fit parameters:

               Ro     Voff   sigma  
Ro              1.000 
Voff           -0.000  1.000 
sigma          -0.577  0.000  1.000 
