

*******************************************************************************
Wed Jul  9 15:10:01 2014


FIT:    data read from 'longsweep'.i using 1:3
        format = x:z
        x range restricted to [-50.0000 : 50.0000]
        #datapoints = 48
        residuals are weighted equally (unit weight)

function used for fitting: f1(x)
fitted parameters initialized with current variable values



 Iteration 0
 WSSR        : 1.13948e+15       delta(WSSR)/WSSR   : 0
 delta(WSSR) : 0                 limit for stopping : 1e-05
 lambda	  : 360516

initial set of free parameter values

Ro              = 1.3e+07
Voff            = 2
sigma           = 10

After 11 iterations the fit converged.
final sum of squares of residuals : 1.12972e+14
rel. change during last iteration : -3.01106e-07

degrees of freedom    (FIT_NDF)                        : 45
rms of residuals      (FIT_STDFIT) = sqrt(WSSR/ndf)    : 1.58446e+06
variance of residuals (reduced chisquare) = WSSR/ndf   : 2.5105e+12

Final set of parameters            Asymptotic Standard Error
=======================            ==========================

Ro              = 1.52254e+07      +/- 5.51e+05     (3.619%)
Voff            = -9.08338         +/- 0.585        (6.44%)
sigma           = 13.9977          +/- 0.5855       (4.183%)


correlation matrix of the fit parameters:

               Ro     Voff   sigma  
Ro              1.000 
Voff           -0.000  1.000 
sigma          -0.577 -0.000  1.000 


*******************************************************************************
Wed Jul  9 15:30:33 2014


FIT:    data read from 'longsweep'.i using 1:3
        format = x:z
        x range restricted to [-50.0000 : 50.0000]
        #datapoints = 51
        residuals are weighted equally (unit weight)

function used for fitting: f1(x)
fitted parameters initialized with current variable values



 Iteration 0
 WSSR        : 1.98508e+14       delta(WSSR)/WSSR   : 0
 delta(WSSR) : 0                 limit for stopping : 1e-05
 lambda	  : 349752

initial set of free parameter values

Ro              = 1.3e+07
Voff            = 2
sigma           = 10

After 11 iterations the fit converged.
final sum of squares of residuals : 1.26884e+14
rel. change during last iteration : -9.96619e-06

degrees of freedom    (FIT_NDF)                        : 48
rms of residuals      (FIT_STDFIT) = sqrt(WSSR/ndf)    : 1.62586e+06
variance of residuals (reduced chisquare) = WSSR/ndf   : 2.64342e+12

Final set of parameters            Asymptotic Standard Error
=======================            ==========================

Ro              = 1.55234e+07      +/- 6.919e+05    (4.457%)
Voff            = 0.217468         +/- 0.4809       (221.1%)
sigma           = 9.34163          +/- 0.4809       (5.148%)


correlation matrix of the fit parameters:

               Ro     Voff   sigma  
Ro              1.000 
Voff            0.000  1.000 
sigma          -0.577 -0.000  1.000 
