

*******************************************************************************
Wed Jul  9 15:10:01 2014


FIT:    data read from 'longsweep'.i using 1:3
        format = x:z
        x range restricted to [-50.0000 : 50.0000]
        #datapoints = 48
        residuals are weighted equally (unit weight)

function used for fitting: f1(x)
fitted parameters initialized with current variable values



 Iteration 0
 WSSR        : 2.50229e+14       delta(WSSR)/WSSR   : 0
 delta(WSSR) : 0                 limit for stopping : 1e-05
 lambda	  : 360516

initial set of free parameter values

Ro              = 1.3e+07
Voff            = 2
sigma           = 10

After 12 iterations the fit converged.
final sum of squares of residuals : 1.38732e+14
rel. change during last iteration : -6.6021e-06

degrees of freedom    (FIT_NDF)                        : 45
rms of residuals      (FIT_STDFIT) = sqrt(WSSR/ndf)    : 1.75583e+06
variance of residuals (reduced chisquare) = WSSR/ndf   : 3.08294e+12

Final set of parameters            Asymptotic Standard Error
=======================            ==========================

Ro              = 1.55595e+07      +/- 7.526e+05    (4.837%)
Voff            = -0.723339        +/- 0.5144       (71.12%)
sigma           = 9.20778          +/- 0.5144       (5.587%)


correlation matrix of the fit parameters:

               Ro     Voff   sigma  
Ro              1.000 
Voff           -0.000  1.000 
sigma          -0.577  0.000  1.000 


*******************************************************************************
Wed Jul  9 15:30:34 2014


FIT:    data read from 'longsweep'.i using 1:3
        format = x:z
        x range restricted to [-50.0000 : 50.0000]
        #datapoints = 51
        residuals are weighted equally (unit weight)

function used for fitting: f1(x)
fitted parameters initialized with current variable values



 Iteration 0
 WSSR        : 2.52557e+14       delta(WSSR)/WSSR   : 0
 delta(WSSR) : 0                 limit for stopping : 1e-05
 lambda	  : 349752

initial set of free parameter values

Ro              = 1.3e+07
Voff            = 2
sigma           = 10

After 12 iterations the fit converged.
final sum of squares of residuals : 9.46813e+13
rel. change during last iteration : -6.96887e-06

degrees of freedom    (FIT_NDF)                        : 48
rms of residuals      (FIT_STDFIT) = sqrt(WSSR/ndf)    : 1.40447e+06
variance of residuals (reduced chisquare) = WSSR/ndf   : 1.97253e+12

Final set of parameters            Asymptotic Standard Error
=======================            ==========================

Ro              = 1.5544e+07       +/- 6.764e+05    (4.351%)
Voff            = -0.444685        +/- 0.3666       (82.44%)
sigma           = 7.29452          +/- 0.3666       (5.026%)


correlation matrix of the fit parameters:

               Ro     Voff   sigma  
Ro              1.000 
Voff           -0.000  1.000 
sigma          -0.577  0.000  1.000 


*******************************************************************************
Wed Jul  9 15:51:43 2014


FIT:    data read from 'longsweep'.i using 1:3
        format = x:z
        x range restricted to [-50.0000 : 50.0000]
        #datapoints = 48
        residuals are weighted equally (unit weight)

function used for fitting: f1(x)
fitted parameters initialized with current variable values



 Iteration 0
 WSSR        : 2.74819e+14       delta(WSSR)/WSSR   : 0
 delta(WSSR) : 0                 limit for stopping : 1e-05
 lambda	  : 360516

initial set of free parameter values

Ro              = 1.3e+07
Voff            = 2
sigma           = 10

After 13 iterations the fit converged.
final sum of squares of residuals : 9.58091e+13
rel. change during last iteration : -2.05216e-07

degrees of freedom    (FIT_NDF)                        : 45
rms of residuals      (FIT_STDFIT) = sqrt(WSSR/ndf)    : 1.45914e+06
variance of residuals (reduced chisquare) = WSSR/ndf   : 2.12909e+12

Final set of parameters            Asymptotic Standard Error
=======================            ==========================

Ro              = 1.59583e+07      +/- 7.147e+05    (4.479%)
Voff            = -0.400793        +/- 0.3647       (91%)
sigma           = 7.051            +/- 0.3647       (5.173%)


correlation matrix of the fit parameters:

               Ro     Voff   sigma  
Ro              1.000 
Voff           -0.000  1.000 
sigma          -0.577  0.000  1.000 
