

*******************************************************************************
Wed Jul  9 15:10:01 2014


FIT:    data read from 'longsweep'.i using 1:3
        format = x:z
        x range restricted to [-50.0000 : 50.0000]
        #datapoints = 48
        residuals are weighted equally (unit weight)

function used for fitting: f1(x)
fitted parameters initialized with current variable values



 Iteration 0
 WSSR        : 7.3339e+14        delta(WSSR)/WSSR   : 0
 delta(WSSR) : 0                 limit for stopping : 1e-05
 lambda	  : 360516

initial set of free parameter values

Ro              = 1.3e+07
Voff            = 2
sigma           = 10

After 12 iterations the fit converged.
final sum of squares of residuals : 1.73719e+14
rel. change during last iteration : -7.91843e-06

degrees of freedom    (FIT_NDF)                        : 45
rms of residuals      (FIT_STDFIT) = sqrt(WSSR/ndf)    : 1.9648e+06
variance of residuals (reduced chisquare) = WSSR/ndf   : 3.86042e+12

Final set of parameters            Asymptotic Standard Error
=======================            ==========================

Ro              = 1.55999e+07      +/- 8.493e+05    (5.444%)
Voff            = -5.52478         +/- 0.5693       (10.3%)
sigma           = 9.05361          +/- 0.5693       (6.288%)


correlation matrix of the fit parameters:

               Ro     Voff   sigma  
Ro              1.000 
Voff           -0.000  1.000 
sigma          -0.577  0.000  1.000 


*******************************************************************************
Wed Jul  9 15:30:34 2014


FIT:    data read from 'longsweep'.i using 1:3
        format = x:z
        x range restricted to [-50.0000 : 50.0000]
        #datapoints = 51
        residuals are weighted equally (unit weight)

function used for fitting: f1(x)
fitted parameters initialized with current variable values



 Iteration 0
 WSSR        : 2.66e+14          delta(WSSR)/WSSR   : 0
 delta(WSSR) : 0                 limit for stopping : 1e-05
 lambda	  : 349752

initial set of free parameter values

Ro              = 1.3e+07
Voff            = 2
sigma           = 10

After 12 iterations the fit converged.
final sum of squares of residuals : 9.40941e+13
rel. change during last iteration : -5.60128e-06

degrees of freedom    (FIT_NDF)                        : 48
rms of residuals      (FIT_STDFIT) = sqrt(WSSR/ndf)    : 1.4001e+06
variance of residuals (reduced chisquare) = WSSR/ndf   : 1.96029e+12

Final set of parameters            Asymptotic Standard Error
=======================            ==========================

Ro              = 1.55017e+07      +/- 6.539e+05    (4.218%)
Voff            = -1.21567         +/- 0.3779       (31.08%)
sigma           = 7.75532          +/- 0.3779       (4.872%)


correlation matrix of the fit parameters:

               Ro     Voff   sigma  
Ro              1.000 
Voff           -0.000  1.000 
sigma          -0.577  0.000  1.000 


*******************************************************************************
Wed Jul  9 15:51:43 2014


FIT:    data read from 'longsweep'.i using 1:3
        format = x:z
        x range restricted to [-50.0000 : 50.0000]
        #datapoints = 48
        residuals are weighted equally (unit weight)

function used for fitting: f1(x)
fitted parameters initialized with current variable values



 Iteration 0
 WSSR        : 2.8723e+14        delta(WSSR)/WSSR   : 0
 delta(WSSR) : 0                 limit for stopping : 1e-05
 lambda	  : 360516

initial set of free parameter values

Ro              = 1.3e+07
Voff            = 2
sigma           = 10

After 12 iterations the fit converged.
final sum of squares of residuals : 9.20172e+13
rel. change during last iteration : -8.54154e-06

degrees of freedom    (FIT_NDF)                        : 45
rms of residuals      (FIT_STDFIT) = sqrt(WSSR/ndf)    : 1.42997e+06
variance of residuals (reduced chisquare) = WSSR/ndf   : 2.04483e+12

Final set of parameters            Asymptotic Standard Error
=======================            ==========================

Ro              = 1.59063e+07      +/- 6.777e+05    (4.261%)
Voff            = -1.25486         +/- 0.3706       (29.54%)
sigma           = 7.53185          +/- 0.3706       (4.921%)


correlation matrix of the fit parameters:

               Ro     Voff   sigma  
Ro              1.000 
Voff           -0.000  1.000 
sigma          -0.577  0.000  1.000 
