

*******************************************************************************
Wed Jul  9 15:10:01 2014


FIT:    data read from 'longsweep'.i using 1:3
        format = x:z
        x range restricted to [-50.0000 : 50.0000]
        #datapoints = 48
        residuals are weighted equally (unit weight)

function used for fitting: f1(x)
fitted parameters initialized with current variable values



 Iteration 0
 WSSR        : 8.88034e+14       delta(WSSR)/WSSR   : 0
 delta(WSSR) : 0                 limit for stopping : 1e-05
 lambda	  : 360516

initial set of free parameter values

Ro              = 1.3e+07
Voff            = 2
sigma           = 10

After 12 iterations the fit converged.
final sum of squares of residuals : 1.58446e+14
rel. change during last iteration : -5.29077e-06

degrees of freedom    (FIT_NDF)                        : 45
rms of residuals      (FIT_STDFIT) = sqrt(WSSR/ndf)    : 1.87644e+06
variance of residuals (reduced chisquare) = WSSR/ndf   : 3.52103e+12

Final set of parameters            Asymptotic Standard Error
=======================            ==========================

Ro              = 1.55526e+07      +/- 7.333e+05    (4.715%)
Voff            = -6.9839          +/- 0.6032       (8.638%)
sigma           = 11.0771          +/- 0.6032       (5.446%)


correlation matrix of the fit parameters:

               Ro     Voff   sigma  
Ro              1.000 
Voff           -0.000  1.000 
sigma          -0.577  0.000  1.000 


*******************************************************************************
Wed Jul  9 15:30:34 2014


FIT:    data read from 'longsweep'.i using 1:3
        format = x:z
        x range restricted to [-50.0000 : 50.0000]
        #datapoints = 51
        residuals are weighted equally (unit weight)

function used for fitting: f1(x)
fitted parameters initialized with current variable values



 Iteration 0
 WSSR        : 1.55926e+14       delta(WSSR)/WSSR   : 0
 delta(WSSR) : 0                 limit for stopping : 1e-05
 lambda	  : 349752

initial set of free parameter values

Ro              = 1.3e+07
Voff            = 2
sigma           = 10

After 12 iterations the fit converged.
final sum of squares of residuals : 1.11489e+14
rel. change during last iteration : -4.90228e-06

degrees of freedom    (FIT_NDF)                        : 48
rms of residuals      (FIT_STDFIT) = sqrt(WSSR/ndf)    : 1.52404e+06
variance of residuals (reduced chisquare) = WSSR/ndf   : 2.32269e+12

Final set of parameters            Asymptotic Standard Error
=======================            ==========================

Ro              = 1.55151e+07      +/- 6.646e+05    (4.284%)
Voff            = 1.28653          +/- 0.4401       (34.21%)
sigma           = 8.89594          +/- 0.4401       (4.948%)


correlation matrix of the fit parameters:

               Ro     Voff   sigma  
Ro              1.000 
Voff            0.000  1.000 
sigma          -0.577 -0.000  1.000 


*******************************************************************************
Wed Jul  9 15:51:43 2014


FIT:    data read from 'longsweep'.i using 1:3
        format = x:z
        x range restricted to [-50.0000 : 50.0000]
        #datapoints = 48
        residuals are weighted equally (unit weight)

function used for fitting: f1(x)
fitted parameters initialized with current variable values



 Iteration 0
 WSSR        : 1.65268e+14       delta(WSSR)/WSSR   : 0
 delta(WSSR) : 0                 limit for stopping : 1e-05
 lambda	  : 360516

initial set of free parameter values

Ro              = 1.3e+07
Voff            = 2
sigma           = 10

After 12 iterations the fit converged.
final sum of squares of residuals : 1.06291e+14
rel. change during last iteration : -7.11673e-06

degrees of freedom    (FIT_NDF)                        : 45
rms of residuals      (FIT_STDFIT) = sqrt(WSSR/ndf)    : 1.53688e+06
variance of residuals (reduced chisquare) = WSSR/ndf   : 2.36201e+12

Final set of parameters            Asymptotic Standard Error
=======================            ==========================

Ro              = 1.59147e+07      +/- 6.818e+05    (4.284%)
Voff            = 1.2639           +/- 0.4254       (33.66%)
sigma           = 8.5972           +/- 0.4254       (4.948%)


correlation matrix of the fit parameters:

               Ro     Voff   sigma  
Ro              1.000 
Voff            0.000  1.000 
sigma          -0.577 -0.000  1.000 
