

*******************************************************************************
Wed Jul  9 15:10:01 2014


FIT:    data read from 'longsweep'.i using 1:3
        format = x:z
        x range restricted to [-50.0000 : 50.0000]
        #datapoints = 48
        residuals are weighted equally (unit weight)

function used for fitting: f1(x)
fitted parameters initialized with current variable values



 Iteration 0
 WSSR        : 2.50491e+14       delta(WSSR)/WSSR   : 0
 delta(WSSR) : 0                 limit for stopping : 1e-05
 lambda	  : 360516

initial set of free parameter values

Ro              = 1.3e+07
Voff            = 2
sigma           = 10

After 12 iterations the fit converged.
final sum of squares of residuals : 1.47962e+14
rel. change during last iteration : -8.37447e-06

degrees of freedom    (FIT_NDF)                        : 45
rms of residuals      (FIT_STDFIT) = sqrt(WSSR/ndf)    : 1.81329e+06
variance of residuals (reduced chisquare) = WSSR/ndf   : 3.28804e+12

Final set of parameters            Asymptotic Standard Error
=======================            ==========================

Ro              = 1.55971e+07      +/- 7.85e+05     (5.033%)
Voff            = -0.509238        +/- 0.5247       (103%)
sigma           = 9.02711          +/- 0.5247       (5.813%)


correlation matrix of the fit parameters:

               Ro     Voff   sigma  
Ro              1.000 
Voff           -0.000  1.000 
sigma          -0.577  0.000  1.000 


*******************************************************************************
Wed Jul  9 15:30:34 2014


FIT:    data read from 'longsweep'.i using 1:3
        format = x:z
        x range restricted to [-50.0000 : 50.0000]
        #datapoints = 51
        residuals are weighted equally (unit weight)

function used for fitting: f1(x)
fitted parameters initialized with current variable values



 Iteration 0
 WSSR        : 2.44847e+14       delta(WSSR)/WSSR   : 0
 delta(WSSR) : 0                 limit for stopping : 1e-05
 lambda	  : 349752

initial set of free parameter values

Ro              = 1.3e+07
Voff            = 2
sigma           = 10

After 11 iterations the fit converged.
final sum of squares of residuals : 8.28627e+13
rel. change during last iteration : -6.71546e-06

degrees of freedom    (FIT_NDF)                        : 48
rms of residuals      (FIT_STDFIT) = sqrt(WSSR/ndf)    : 1.31389e+06
variance of residuals (reduced chisquare) = WSSR/ndf   : 1.72631e+12

Final set of parameters            Asymptotic Standard Error
=======================            ==========================

Ro              = 1.54511e+07      +/- 6.239e+05    (4.038%)
Voff            = -0.803591        +/- 0.3499       (43.54%)
sigma           = 7.50154          +/- 0.3499       (4.664%)


correlation matrix of the fit parameters:

               Ro     Voff   sigma  
Ro              1.000 
Voff           -0.000  1.000 
sigma          -0.577  0.000  1.000 


*******************************************************************************
Wed Jul  9 15:51:43 2014


FIT:    data read from 'longsweep'.i using 1:3
        format = x:z
        x range restricted to [-50.0000 : 50.0000]
        #datapoints = 48
        residuals are weighted equally (unit weight)

function used for fitting: f1(x)
fitted parameters initialized with current variable values



 Iteration 0
 WSSR        : 2.59426e+14       delta(WSSR)/WSSR   : 0
 delta(WSSR) : 0                 limit for stopping : 1e-05
 lambda	  : 360516

initial set of free parameter values

Ro              = 1.3e+07
Voff            = 2
sigma           = 10

After 12 iterations the fit converged.
final sum of squares of residuals : 8.34337e+13
rel. change during last iteration : -4.46206e-06

degrees of freedom    (FIT_NDF)                        : 45
rms of residuals      (FIT_STDFIT) = sqrt(WSSR/ndf)    : 1.36165e+06
variance of residuals (reduced chisquare) = WSSR/ndf   : 1.85408e+12

Final set of parameters            Asymptotic Standard Error
=======================            ==========================

Ro              = 1.58362e+07      +/- 6.556e+05    (4.14%)
Voff            = -0.706122        +/- 0.3489       (49.42%)
sigma           = 7.29795          +/- 0.3489       (4.781%)


correlation matrix of the fit parameters:

               Ro     Voff   sigma  
Ro              1.000 
Voff           -0.000  1.000 
sigma          -0.577  0.000  1.000 
