

*******************************************************************************
Wed Jul  9 15:10:01 2014


FIT:    data read from 'longsweep'.i using 1:3
        format = x:z
        x range restricted to [-50.0000 : 50.0000]
        #datapoints = 48
        residuals are weighted equally (unit weight)

function used for fitting: f1(x)
fitted parameters initialized with current variable values



 Iteration 0
 WSSR        : 5.57684e+14       delta(WSSR)/WSSR   : 0
 delta(WSSR) : 0                 limit for stopping : 1e-05
 lambda	  : 360516

initial set of free parameter values

Ro              = 1.3e+07
Voff            = 2
sigma           = 10

After 11 iterations the fit converged.
final sum of squares of residuals : 7.1835e+13
rel. change during last iteration : -2.55862e-07

degrees of freedom    (FIT_NDF)                        : 45
rms of residuals      (FIT_STDFIT) = sqrt(WSSR/ndf)    : 1.26346e+06
variance of residuals (reduced chisquare) = WSSR/ndf   : 1.59633e+12

Final set of parameters            Asymptotic Standard Error
=======================            ==========================

Ro              = 1.51524e+07      +/- 4.516e+05    (2.981%)
Voff            = -3.76386         +/- 0.4558       (12.11%)
sigma           = 13.2399          +/- 0.4558       (3.443%)


correlation matrix of the fit parameters:

               Ro     Voff   sigma  
Ro              1.000 
Voff           -0.000  1.000 
sigma          -0.577  0.000  1.000 
