

*******************************************************************************
Wed Jul  9 15:10:01 2014


FIT:    data read from 'longsweep'.i using 1:3
        format = x:z
        x range restricted to [-50.0000 : 50.0000]
        #datapoints = 48
        residuals are weighted equally (unit weight)

function used for fitting: f1(x)
fitted parameters initialized with current variable values



 Iteration 0
 WSSR        : 7.72103e+14       delta(WSSR)/WSSR   : 0
 delta(WSSR) : 0                 limit for stopping : 1e-05
 lambda	  : 360516

initial set of free parameter values

Ro              = 1.3e+07
Voff            = 2
sigma           = 10

After 12 iterations the fit converged.
final sum of squares of residuals : 1.51442e+14
rel. change during last iteration : -5.9677e-06

degrees of freedom    (FIT_NDF)                        : 45
rms of residuals      (FIT_STDFIT) = sqrt(WSSR/ndf)    : 1.8345e+06
variance of residuals (reduced chisquare) = WSSR/ndf   : 3.36538e+12

Final set of parameters            Asymptotic Standard Error
=======================            ==========================

Ro              = 1.55608e+07      +/- 7.323e+05    (4.706%)
Voff            = -6.15449         +/- 0.5771       (9.377%)
sigma           = 10.6173          +/- 0.5771       (5.435%)


correlation matrix of the fit parameters:

               Ro     Voff   sigma  
Ro              1.000 
Voff           -0.000  1.000 
sigma          -0.577  0.000  1.000 
