

*******************************************************************************
Tue Jul  1 15:14:10 2014


FIT:    data read from 'longsweep'.i using 1:3
        format = x:z
        x range restricted to [-50.0000 : 50.0000]
        #datapoints = 51
        residuals are weighted equally (unit weight)

function used for fitting: f1(x)
fitted parameters initialized with current variable values



 Iteration 0
 WSSR        : 9.25205e+14       delta(WSSR)/WSSR   : 0
 delta(WSSR) : 0                 limit for stopping : 1e-05
 lambda	  : 349752

initial set of free parameter values

Ro              = 1.3e+07
Voff            = 2
sigma           = 10

After 11 iterations the fit converged.
final sum of squares of residuals : 3.05009e+13
rel. change during last iteration : -2.41759e-06

degrees of freedom    (FIT_NDF)                        : 48
rms of residuals      (FIT_STDFIT) = sqrt(WSSR/ndf)    : 797142
variance of residuals (reduced chisquare) = WSSR/ndf   : 6.35436e+11

Final set of parameters            Asymptotic Standard Error
=======================            ==========================

Ro              = 1.51794e+07      +/- 4.49e+05     (2.958%)
Voff            = -6.50329         +/- 0.1822       (2.801%)
sigma           = 5.33239          +/- 0.1822       (3.416%)


correlation matrix of the fit parameters:

               Ro     Voff   sigma  
Ro              1.000 
Voff           -0.001  1.000 
sigma          -0.577  0.001  1.000 


*******************************************************************************
Tue Jul  1 15:15:43 2014


FIT:    data read from 'longsweep'.i using 1:3
        format = x:z
        x range restricted to [-50.0000 : 50.0000]
        #datapoints = 51
        residuals are weighted equally (unit weight)

function used for fitting: f1(x)
fitted parameters initialized with current variable values



 Iteration 0
 WSSR        : 9.25205e+14       delta(WSSR)/WSSR   : 0
 delta(WSSR) : 0                 limit for stopping : 1e-05
 lambda	  : 349752

initial set of free parameter values

Ro              = 1.3e+07
Voff            = 2
sigma           = 10

After 11 iterations the fit converged.
final sum of squares of residuals : 3.05009e+13
rel. change during last iteration : -2.41759e-06

degrees of freedom    (FIT_NDF)                        : 48
rms of residuals      (FIT_STDFIT) = sqrt(WSSR/ndf)    : 797142
variance of residuals (reduced chisquare) = WSSR/ndf   : 6.35436e+11

Final set of parameters            Asymptotic Standard Error
=======================            ==========================

Ro              = 1.51794e+07      +/- 4.49e+05     (2.958%)
Voff            = -6.50329         +/- 0.1822       (2.801%)
sigma           = 5.33239          +/- 0.1822       (3.416%)


correlation matrix of the fit parameters:

               Ro     Voff   sigma  
Ro              1.000 
Voff           -0.001  1.000 
sigma          -0.577  0.001  1.000 


*******************************************************************************
Tue Jul  1 15:15:54 2014


FIT:    data read from 'longsweep'.i using 1:3
        format = x:z
        x range restricted to [-50.0000 : 50.0000]
        #datapoints = 51
        residuals are weighted equally (unit weight)

function used for fitting: f1(x)
fitted parameters initialized with current variable values



 Iteration 0
 WSSR        : 9.25205e+14       delta(WSSR)/WSSR   : 0
 delta(WSSR) : 0                 limit for stopping : 1e-05
 lambda	  : 349752

initial set of free parameter values

Ro              = 1.3e+07
Voff            = 2
sigma           = 10

After 11 iterations the fit converged.
final sum of squares of residuals : 3.05009e+13
rel. change during last iteration : -2.41759e-06

degrees of freedom    (FIT_NDF)                        : 48
rms of residuals      (FIT_STDFIT) = sqrt(WSSR/ndf)    : 797142
variance of residuals (reduced chisquare) = WSSR/ndf   : 6.35436e+11

Final set of parameters            Asymptotic Standard Error
=======================            ==========================

Ro              = 1.51794e+07      +/- 4.49e+05     (2.958%)
Voff            = -6.50329         +/- 0.1822       (2.801%)
sigma           = 5.33239          +/- 0.1822       (3.416%)


correlation matrix of the fit parameters:

               Ro     Voff   sigma  
Ro              1.000 
Voff           -0.001  1.000 
sigma          -0.577  0.001  1.000 


*******************************************************************************
Tue Jul  1 15:36:05 2014


FIT:    data read from 'longsweep'.i using 1:3
        format = x:z
        x range restricted to [-50.0000 : 50.0000]
        #datapoints = 51
        residuals are weighted equally (unit weight)

function used for fitting: f1(x)
fitted parameters initialized with current variable values



 Iteration 0
 WSSR        : 9.25205e+14       delta(WSSR)/WSSR   : 0
 delta(WSSR) : 0                 limit for stopping : 1e-05
 lambda	  : 349752

initial set of free parameter values

Ro              = 1.3e+07
Voff            = 2
sigma           = 10

After 11 iterations the fit converged.
final sum of squares of residuals : 3.05009e+13
rel. change during last iteration : -2.41759e-06

degrees of freedom    (FIT_NDF)                        : 48
rms of residuals      (FIT_STDFIT) = sqrt(WSSR/ndf)    : 797142
variance of residuals (reduced chisquare) = WSSR/ndf   : 6.35436e+11

Final set of parameters            Asymptotic Standard Error
=======================            ==========================

Ro              = 1.51794e+07      +/- 4.49e+05     (2.958%)
Voff            = -6.50329         +/- 0.1822       (2.801%)
sigma           = 5.33239          +/- 0.1822       (3.416%)


correlation matrix of the fit parameters:

               Ro     Voff   sigma  
Ro              1.000 
Voff           -0.001  1.000 
sigma          -0.577  0.001  1.000 


*******************************************************************************
Tue Jul  1 15:36:42 2014


FIT:    data read from 'longsweep'.i using 1:3
        format = x:z
        x range restricted to [-50.0000 : 50.0000]
        #datapoints = 51
        residuals are weighted equally (unit weight)

function used for fitting: f1(x)
fitted parameters initialized with current variable values



 Iteration 0
 WSSR        : 9.25205e+14       delta(WSSR)/WSSR   : 0
 delta(WSSR) : 0                 limit for stopping : 1e-05
 lambda	  : 349752

initial set of free parameter values

Ro              = 1.3e+07
Voff            = 2
sigma           = 10

After 11 iterations the fit converged.
final sum of squares of residuals : 3.05009e+13
rel. change during last iteration : -2.41759e-06

degrees of freedom    (FIT_NDF)                        : 48
rms of residuals      (FIT_STDFIT) = sqrt(WSSR/ndf)    : 797142
variance of residuals (reduced chisquare) = WSSR/ndf   : 6.35436e+11

Final set of parameters            Asymptotic Standard Error
=======================            ==========================

Ro              = 1.51794e+07      +/- 4.49e+05     (2.958%)
Voff            = -6.50329         +/- 0.1822       (2.801%)
sigma           = 5.33239          +/- 0.1822       (3.416%)


correlation matrix of the fit parameters:

               Ro     Voff   sigma  
Ro              1.000 
Voff           -0.001  1.000 
sigma          -0.577  0.001  1.000 


*******************************************************************************
Tue Jul  1 15:37:05 2014


FIT:    data read from 'longsweep'.i using 1:3
        format = x:z
        x range restricted to [-50.0000 : 50.0000]
        #datapoints = 51
        residuals are weighted equally (unit weight)

function used for fitting: f1(x)
fitted parameters initialized with current variable values



 Iteration 0
 WSSR        : 9.25205e+14       delta(WSSR)/WSSR   : 0
 delta(WSSR) : 0                 limit for stopping : 1e-05
 lambda	  : 349752

initial set of free parameter values

Ro              = 1.3e+07
Voff            = 2
sigma           = 10

After 11 iterations the fit converged.
final sum of squares of residuals : 3.05009e+13
rel. change during last iteration : -2.41759e-06

degrees of freedom    (FIT_NDF)                        : 48
rms of residuals      (FIT_STDFIT) = sqrt(WSSR/ndf)    : 797142
variance of residuals (reduced chisquare) = WSSR/ndf   : 6.35436e+11

Final set of parameters            Asymptotic Standard Error
=======================            ==========================

Ro              = 1.51794e+07      +/- 4.49e+05     (2.958%)
Voff            = -6.50329         +/- 0.1822       (2.801%)
sigma           = 5.33239          +/- 0.1822       (3.416%)


correlation matrix of the fit parameters:

               Ro     Voff   sigma  
Ro              1.000 
Voff           -0.001  1.000 
sigma          -0.577  0.001  1.000 


*******************************************************************************
Tue Jul  1 15:37:40 2014


FIT:    data read from 'longsweep'.i using 1:3
        format = x:z
        x range restricted to [-50.0000 : 50.0000]
        #datapoints = 51
        residuals are weighted equally (unit weight)

function used for fitting: f1(x)
fitted parameters initialized with current variable values



 Iteration 0
 WSSR        : 9.25205e+14       delta(WSSR)/WSSR   : 0
 delta(WSSR) : 0                 limit for stopping : 1e-05
 lambda	  : 349752

initial set of free parameter values

Ro              = 1.3e+07
Voff            = 2
sigma           = 10

After 11 iterations the fit converged.
final sum of squares of residuals : 3.05009e+13
rel. change during last iteration : -2.41759e-06

degrees of freedom    (FIT_NDF)                        : 48
rms of residuals      (FIT_STDFIT) = sqrt(WSSR/ndf)    : 797142
variance of residuals (reduced chisquare) = WSSR/ndf   : 6.35436e+11

Final set of parameters            Asymptotic Standard Error
=======================            ==========================

Ro              = 1.51794e+07      +/- 4.49e+05     (2.958%)
Voff            = -6.50329         +/- 0.1822       (2.801%)
sigma           = 5.33239          +/- 0.1822       (3.416%)


correlation matrix of the fit parameters:

               Ro     Voff   sigma  
Ro              1.000 
Voff           -0.001  1.000 
sigma          -0.577  0.001  1.000 


*******************************************************************************
Tue Jul  1 15:37:55 2014


FIT:    data read from 'longsweep'.i using 1:3
        format = x:z
        x range restricted to [-50.0000 : 50.0000]
        #datapoints = 51
        residuals are weighted equally (unit weight)

function used for fitting: f1(x)
fitted parameters initialized with current variable values



 Iteration 0
 WSSR        : 9.25205e+14       delta(WSSR)/WSSR   : 0
 delta(WSSR) : 0                 limit for stopping : 1e-05
 lambda	  : 349752

initial set of free parameter values

Ro              = 1.3e+07
Voff            = 2
sigma           = 10

After 11 iterations the fit converged.
final sum of squares of residuals : 3.05009e+13
rel. change during last iteration : -2.41759e-06

degrees of freedom    (FIT_NDF)                        : 48
rms of residuals      (FIT_STDFIT) = sqrt(WSSR/ndf)    : 797142
variance of residuals (reduced chisquare) = WSSR/ndf   : 6.35436e+11

Final set of parameters            Asymptotic Standard Error
=======================            ==========================

Ro              = 1.51794e+07      +/- 4.49e+05     (2.958%)
Voff            = -6.50329         +/- 0.1822       (2.801%)
sigma           = 5.33239          +/- 0.1822       (3.416%)


correlation matrix of the fit parameters:

               Ro     Voff   sigma  
Ro              1.000 
Voff           -0.001  1.000 
sigma          -0.577  0.001  1.000 


*******************************************************************************
Tue Jul  1 15:50:00 2014


FIT:    data read from 'longsweep'.i using 1:3
        format = x:z
        x range restricted to [-50.0000 : 50.0000]
        #datapoints = 51
        residuals are weighted equally (unit weight)

function used for fitting: f1(x)
fitted parameters initialized with current variable values



 Iteration 0
 WSSR        : 9.25205e+14       delta(WSSR)/WSSR   : 0
 delta(WSSR) : 0                 limit for stopping : 1e-05
 lambda	  : 349752

initial set of free parameter values

Ro              = 1.3e+07
Voff            = 2
sigma           = 10

After 11 iterations the fit converged.
final sum of squares of residuals : 3.05009e+13
rel. change during last iteration : -2.41759e-06

degrees of freedom    (FIT_NDF)                        : 48
rms of residuals      (FIT_STDFIT) = sqrt(WSSR/ndf)    : 797142
variance of residuals (reduced chisquare) = WSSR/ndf   : 6.35436e+11

Final set of parameters            Asymptotic Standard Error
=======================            ==========================

Ro              = 1.51794e+07      +/- 4.49e+05     (2.958%)
Voff            = -6.50329         +/- 0.1822       (2.801%)
sigma           = 5.33239          +/- 0.1822       (3.416%)


correlation matrix of the fit parameters:

               Ro     Voff   sigma  
Ro              1.000 
Voff           -0.001  1.000 
sigma          -0.577  0.001  1.000 


*******************************************************************************
Thu Jul  3 15:52:16 2014


FIT:    data read from 'longsweep'.i using 1:3
        format = x:z
        x range restricted to [-50.0000 : 50.0000]
        #datapoints = 51
        residuals are weighted equally (unit weight)

function used for fitting: f1(x)
fitted parameters initialized with current variable values



 Iteration 0
 WSSR        : 9.25205e+14       delta(WSSR)/WSSR   : 0
 delta(WSSR) : 0                 limit for stopping : 1e-05
 lambda	  : 349752

initial set of free parameter values

Ro              = 1.3e+07
Voff            = 2
sigma           = 10

After 11 iterations the fit converged.
final sum of squares of residuals : 3.05009e+13
rel. change during last iteration : -2.41759e-06

degrees of freedom    (FIT_NDF)                        : 48
rms of residuals      (FIT_STDFIT) = sqrt(WSSR/ndf)    : 797142
variance of residuals (reduced chisquare) = WSSR/ndf   : 6.35436e+11

Final set of parameters            Asymptotic Standard Error
=======================            ==========================

Ro              = 1.51794e+07      +/- 4.49e+05     (2.958%)
Voff            = -6.50329         +/- 0.1822       (2.801%)
sigma           = 5.33239          +/- 0.1822       (3.416%)


correlation matrix of the fit parameters:

               Ro     Voff   sigma  
Ro              1.000 
Voff           -0.001  1.000 
sigma          -0.577  0.001  1.000 
