

*******************************************************************************
Tue Jul  1 15:14:10 2014


FIT:    data read from 'longsweep'.i using 1:3
        format = x:z
        x range restricted to [-50.0000 : 50.0000]
        #datapoints = 51
        residuals are weighted equally (unit weight)

function used for fitting: f1(x)
fitted parameters initialized with current variable values



 Iteration 0
 WSSR        : 6.60353e+14       delta(WSSR)/WSSR   : 0
 delta(WSSR) : 0                 limit for stopping : 1e-05
 lambda	  : 349752

initial set of free parameter values

Ro              = 1.3e+07
Voff            = 2
sigma           = 10

After 9 iterations the fit converged.
final sum of squares of residuals : 2.57713e+12
rel. change during last iteration : -6.53328e-08

degrees of freedom    (FIT_NDF)                        : 48
rms of residuals      (FIT_STDFIT) = sqrt(WSSR/ndf)    : 231712
variance of residuals (reduced chisquare) = WSSR/ndf   : 5.36902e+10

Final set of parameters            Asymptotic Standard Error
=======================            ==========================

Ro              = 1.37382e+07      +/- 1.609e+05    (1.171%)
Voff            = -0.972185        +/- 0.04747      (4.883%)
sigma           = 3.51056          +/- 0.04747      (1.352%)


correlation matrix of the fit parameters:

               Ro     Voff   sigma  
Ro              1.000 
Voff           -0.000  1.000 
sigma          -0.577  0.000  1.000 


*******************************************************************************
Tue Jul  1 15:15:43 2014


FIT:    data read from 'longsweep'.i using 1:3
        format = x:z
        x range restricted to [-50.0000 : 50.0000]
        #datapoints = 51
        residuals are weighted equally (unit weight)

function used for fitting: f1(x)
fitted parameters initialized with current variable values



 Iteration 0
 WSSR        : 6.60353e+14       delta(WSSR)/WSSR   : 0
 delta(WSSR) : 0                 limit for stopping : 1e-05
 lambda	  : 349752

initial set of free parameter values

Ro              = 1.3e+07
Voff            = 2
sigma           = 10

After 9 iterations the fit converged.
final sum of squares of residuals : 2.57713e+12
rel. change during last iteration : -6.53328e-08

degrees of freedom    (FIT_NDF)                        : 48
rms of residuals      (FIT_STDFIT) = sqrt(WSSR/ndf)    : 231712
variance of residuals (reduced chisquare) = WSSR/ndf   : 5.36902e+10

Final set of parameters            Asymptotic Standard Error
=======================            ==========================

Ro              = 1.37382e+07      +/- 1.609e+05    (1.171%)
Voff            = -0.972185        +/- 0.04747      (4.883%)
sigma           = 3.51056          +/- 0.04747      (1.352%)


correlation matrix of the fit parameters:

               Ro     Voff   sigma  
Ro              1.000 
Voff           -0.000  1.000 
sigma          -0.577  0.000  1.000 


*******************************************************************************
Tue Jul  1 15:15:54 2014


FIT:    data read from 'longsweep'.i using 1:3
        format = x:z
        x range restricted to [-50.0000 : 50.0000]
        #datapoints = 51
        residuals are weighted equally (unit weight)

function used for fitting: f1(x)
fitted parameters initialized with current variable values



 Iteration 0
 WSSR        : 6.60353e+14       delta(WSSR)/WSSR   : 0
 delta(WSSR) : 0                 limit for stopping : 1e-05
 lambda	  : 349752

initial set of free parameter values

Ro              = 1.3e+07
Voff            = 2
sigma           = 10

After 9 iterations the fit converged.
final sum of squares of residuals : 2.57713e+12
rel. change during last iteration : -6.53328e-08

degrees of freedom    (FIT_NDF)                        : 48
rms of residuals      (FIT_STDFIT) = sqrt(WSSR/ndf)    : 231712
variance of residuals (reduced chisquare) = WSSR/ndf   : 5.36902e+10

Final set of parameters            Asymptotic Standard Error
=======================            ==========================

Ro              = 1.37382e+07      +/- 1.609e+05    (1.171%)
Voff            = -0.972185        +/- 0.04747      (4.883%)
sigma           = 3.51056          +/- 0.04747      (1.352%)


correlation matrix of the fit parameters:

               Ro     Voff   sigma  
Ro              1.000 
Voff           -0.000  1.000 
sigma          -0.577  0.000  1.000 


*******************************************************************************
Tue Jul  1 15:36:05 2014


FIT:    data read from 'longsweep'.i using 1:3
        format = x:z
        x range restricted to [-50.0000 : 50.0000]
        #datapoints = 51
        residuals are weighted equally (unit weight)

function used for fitting: f1(x)
fitted parameters initialized with current variable values



 Iteration 0
 WSSR        : 6.60353e+14       delta(WSSR)/WSSR   : 0
 delta(WSSR) : 0                 limit for stopping : 1e-05
 lambda	  : 349752

initial set of free parameter values

Ro              = 1.3e+07
Voff            = 2
sigma           = 10

After 9 iterations the fit converged.
final sum of squares of residuals : 2.57713e+12
rel. change during last iteration : -6.53328e-08

degrees of freedom    (FIT_NDF)                        : 48
rms of residuals      (FIT_STDFIT) = sqrt(WSSR/ndf)    : 231712
variance of residuals (reduced chisquare) = WSSR/ndf   : 5.36902e+10

Final set of parameters            Asymptotic Standard Error
=======================            ==========================

Ro              = 1.37382e+07      +/- 1.609e+05    (1.171%)
Voff            = -0.972185        +/- 0.04747      (4.883%)
sigma           = 3.51056          +/- 0.04747      (1.352%)


correlation matrix of the fit parameters:

               Ro     Voff   sigma  
Ro              1.000 
Voff           -0.000  1.000 
sigma          -0.577  0.000  1.000 


*******************************************************************************
Tue Jul  1 15:36:42 2014


FIT:    data read from 'longsweep'.i using 1:3
        format = x:z
        x range restricted to [-50.0000 : 50.0000]
        #datapoints = 51
        residuals are weighted equally (unit weight)

function used for fitting: f1(x)
fitted parameters initialized with current variable values



 Iteration 0
 WSSR        : 6.60353e+14       delta(WSSR)/WSSR   : 0
 delta(WSSR) : 0                 limit for stopping : 1e-05
 lambda	  : 349752

initial set of free parameter values

Ro              = 1.3e+07
Voff            = 2
sigma           = 10

After 9 iterations the fit converged.
final sum of squares of residuals : 2.57713e+12
rel. change during last iteration : -6.53328e-08

degrees of freedom    (FIT_NDF)                        : 48
rms of residuals      (FIT_STDFIT) = sqrt(WSSR/ndf)    : 231712
variance of residuals (reduced chisquare) = WSSR/ndf   : 5.36902e+10

Final set of parameters            Asymptotic Standard Error
=======================            ==========================

Ro              = 1.37382e+07      +/- 1.609e+05    (1.171%)
Voff            = -0.972185        +/- 0.04747      (4.883%)
sigma           = 3.51056          +/- 0.04747      (1.352%)


correlation matrix of the fit parameters:

               Ro     Voff   sigma  
Ro              1.000 
Voff           -0.000  1.000 
sigma          -0.577  0.000  1.000 


*******************************************************************************
Tue Jul  1 15:37:05 2014


FIT:    data read from 'longsweep'.i using 1:3
        format = x:z
        x range restricted to [-50.0000 : 50.0000]
        #datapoints = 51
        residuals are weighted equally (unit weight)

function used for fitting: f1(x)
fitted parameters initialized with current variable values



 Iteration 0
 WSSR        : 6.60353e+14       delta(WSSR)/WSSR   : 0
 delta(WSSR) : 0                 limit for stopping : 1e-05
 lambda	  : 349752

initial set of free parameter values

Ro              = 1.3e+07
Voff            = 2
sigma           = 10

After 9 iterations the fit converged.
final sum of squares of residuals : 2.57713e+12
rel. change during last iteration : -6.53328e-08

degrees of freedom    (FIT_NDF)                        : 48
rms of residuals      (FIT_STDFIT) = sqrt(WSSR/ndf)    : 231712
variance of residuals (reduced chisquare) = WSSR/ndf   : 5.36902e+10

Final set of parameters            Asymptotic Standard Error
=======================            ==========================

Ro              = 1.37382e+07      +/- 1.609e+05    (1.171%)
Voff            = -0.972185        +/- 0.04747      (4.883%)
sigma           = 3.51056          +/- 0.04747      (1.352%)


correlation matrix of the fit parameters:

               Ro     Voff   sigma  
Ro              1.000 
Voff           -0.000  1.000 
sigma          -0.577  0.000  1.000 


*******************************************************************************
Tue Jul  1 15:37:40 2014


FIT:    data read from 'longsweep'.i using 1:3
        format = x:z
        x range restricted to [-50.0000 : 50.0000]
        #datapoints = 51
        residuals are weighted equally (unit weight)

function used for fitting: f1(x)
fitted parameters initialized with current variable values



 Iteration 0
 WSSR        : 6.60353e+14       delta(WSSR)/WSSR   : 0
 delta(WSSR) : 0                 limit for stopping : 1e-05
 lambda	  : 349752

initial set of free parameter values

Ro              = 1.3e+07
Voff            = 2
sigma           = 10

After 9 iterations the fit converged.
final sum of squares of residuals : 2.57713e+12
rel. change during last iteration : -6.53328e-08

degrees of freedom    (FIT_NDF)                        : 48
rms of residuals      (FIT_STDFIT) = sqrt(WSSR/ndf)    : 231712
variance of residuals (reduced chisquare) = WSSR/ndf   : 5.36902e+10

Final set of parameters            Asymptotic Standard Error
=======================            ==========================

Ro              = 1.37382e+07      +/- 1.609e+05    (1.171%)
Voff            = -0.972185        +/- 0.04747      (4.883%)
sigma           = 3.51056          +/- 0.04747      (1.352%)


correlation matrix of the fit parameters:

               Ro     Voff   sigma  
Ro              1.000 
Voff           -0.000  1.000 
sigma          -0.577  0.000  1.000 


*******************************************************************************
Tue Jul  1 15:37:55 2014


FIT:    data read from 'longsweep'.i using 1:3
        format = x:z
        x range restricted to [-50.0000 : 50.0000]
        #datapoints = 51
        residuals are weighted equally (unit weight)

function used for fitting: f1(x)
fitted parameters initialized with current variable values



 Iteration 0
 WSSR        : 6.60353e+14       delta(WSSR)/WSSR   : 0
 delta(WSSR) : 0                 limit for stopping : 1e-05
 lambda	  : 349752

initial set of free parameter values

Ro              = 1.3e+07
Voff            = 2
sigma           = 10

After 9 iterations the fit converged.
final sum of squares of residuals : 2.57713e+12
rel. change during last iteration : -6.53328e-08

degrees of freedom    (FIT_NDF)                        : 48
rms of residuals      (FIT_STDFIT) = sqrt(WSSR/ndf)    : 231712
variance of residuals (reduced chisquare) = WSSR/ndf   : 5.36902e+10

Final set of parameters            Asymptotic Standard Error
=======================            ==========================

Ro              = 1.37382e+07      +/- 1.609e+05    (1.171%)
Voff            = -0.972185        +/- 0.04747      (4.883%)
sigma           = 3.51056          +/- 0.04747      (1.352%)


correlation matrix of the fit parameters:

               Ro     Voff   sigma  
Ro              1.000 
Voff           -0.000  1.000 
sigma          -0.577  0.000  1.000 


*******************************************************************************
Tue Jul  1 15:50:00 2014


FIT:    data read from 'longsweep'.i using 1:3
        format = x:z
        x range restricted to [-50.0000 : 50.0000]
        #datapoints = 51
        residuals are weighted equally (unit weight)

function used for fitting: f1(x)
fitted parameters initialized with current variable values



 Iteration 0
 WSSR        : 6.60353e+14       delta(WSSR)/WSSR   : 0
 delta(WSSR) : 0                 limit for stopping : 1e-05
 lambda	  : 349752

initial set of free parameter values

Ro              = 1.3e+07
Voff            = 2
sigma           = 10

After 9 iterations the fit converged.
final sum of squares of residuals : 2.57713e+12
rel. change during last iteration : -6.53328e-08

degrees of freedom    (FIT_NDF)                        : 48
rms of residuals      (FIT_STDFIT) = sqrt(WSSR/ndf)    : 231712
variance of residuals (reduced chisquare) = WSSR/ndf   : 5.36902e+10

Final set of parameters            Asymptotic Standard Error
=======================            ==========================

Ro              = 1.37382e+07      +/- 1.609e+05    (1.171%)
Voff            = -0.972185        +/- 0.04747      (4.883%)
sigma           = 3.51056          +/- 0.04747      (1.352%)


correlation matrix of the fit parameters:

               Ro     Voff   sigma  
Ro              1.000 
Voff           -0.000  1.000 
sigma          -0.577  0.000  1.000 
