

*******************************************************************************
Tue Jul  1 16:17:13 2014


FIT:    data read from 'longsweep'.i using 1:3
        format = x:z
        x range restricted to [-50.0000 : 50.0000]
        #datapoints = 48
        residuals are weighted equally (unit weight)

function used for fitting: f1(x)
fitted parameters initialized with current variable values



 Iteration 0
 WSSR        : 6.14443e+14       delta(WSSR)/WSSR   : 0
 delta(WSSR) : 0                 limit for stopping : 1e-05
 lambda	  : 360516

initial set of free parameter values

Ro              = 1.3e+07
Voff            = 2
sigma           = 10

After 11 iterations the fit converged.
final sum of squares of residuals : 1.24198e+13
rel. change during last iteration : -9.95517e-09

degrees of freedom    (FIT_NDF)                        : 45
rms of residuals      (FIT_STDFIT) = sqrt(WSSR/ndf)    : 525352
variance of residuals (reduced chisquare) = WSSR/ndf   : 2.75995e+11

Final set of parameters            Asymptotic Standard Error
=======================            ==========================

Ro              = 1.48466e+07      +/- 3.516e+05    (2.368%)
Voff            = -0.70248         +/- 0.1033       (14.71%)
sigma           = 3.77694          +/- 0.1033       (2.735%)


correlation matrix of the fit parameters:

               Ro     Voff   sigma  
Ro              1.000 
Voff           -0.000  1.000 
sigma          -0.577  0.000  1.000 


*******************************************************************************
Wed Jul  2 12:15:10 2014


FIT:    data read from 'longsweep'.i using 1:3
        format = x:z
        x range restricted to [-50.0000 : 50.0000]
        #datapoints = 48
        residuals are weighted equally (unit weight)

function used for fitting: f1(x)
fitted parameters initialized with current variable values



 Iteration 0
 WSSR        : 6.14443e+14       delta(WSSR)/WSSR   : 0
 delta(WSSR) : 0                 limit for stopping : 1e-05
 lambda	  : 360516

initial set of free parameter values

Ro              = 1.3e+07
Voff            = 2
sigma           = 10

After 11 iterations the fit converged.
final sum of squares of residuals : 1.24198e+13
rel. change during last iteration : -9.95517e-09

degrees of freedom    (FIT_NDF)                        : 45
rms of residuals      (FIT_STDFIT) = sqrt(WSSR/ndf)    : 525352
variance of residuals (reduced chisquare) = WSSR/ndf   : 2.75995e+11

Final set of parameters            Asymptotic Standard Error
=======================            ==========================

Ro              = 1.48466e+07      +/- 3.516e+05    (2.368%)
Voff            = -0.70248         +/- 0.1033       (14.71%)
sigma           = 3.77694          +/- 0.1033       (2.735%)


correlation matrix of the fit parameters:

               Ro     Voff   sigma  
Ro              1.000 
Voff           -0.000  1.000 
sigma          -0.577  0.000  1.000 


*******************************************************************************
Wed Jul  2 12:15:41 2014


FIT:    data read from 'longsweep'.i using 1:3
        format = x:z
        x range restricted to [-50.0000 : 50.0000]
        #datapoints = 48
        residuals are weighted equally (unit weight)

function used for fitting: f1(x)
fitted parameters initialized with current variable values



 Iteration 0
 WSSR        : 6.14443e+14       delta(WSSR)/WSSR   : 0
 delta(WSSR) : 0                 limit for stopping : 1e-05
 lambda	  : 360516

initial set of free parameter values

Ro              = 1.3e+07
Voff            = 2
sigma           = 10

After 11 iterations the fit converged.
final sum of squares of residuals : 1.24198e+13
rel. change during last iteration : -9.95517e-09

degrees of freedom    (FIT_NDF)                        : 45
rms of residuals      (FIT_STDFIT) = sqrt(WSSR/ndf)    : 525352
variance of residuals (reduced chisquare) = WSSR/ndf   : 2.75995e+11

Final set of parameters            Asymptotic Standard Error
=======================            ==========================

Ro              = 1.48466e+07      +/- 3.516e+05    (2.368%)
Voff            = -0.70248         +/- 0.1033       (14.71%)
sigma           = 3.77694          +/- 0.1033       (2.735%)


correlation matrix of the fit parameters:

               Ro     Voff   sigma  
Ro              1.000 
Voff           -0.000  1.000 
sigma          -0.577  0.000  1.000 


*******************************************************************************
Wed Jul  2 12:16:12 2014


FIT:    data read from 'longsweep'.i using 1:3
        format = x:z
        x range restricted to [-50.0000 : 50.0000]
        #datapoints = 48
        residuals are weighted equally (unit weight)

function used for fitting: f1(x)
fitted parameters initialized with current variable values



 Iteration 0
 WSSR        : 6.14443e+14       delta(WSSR)/WSSR   : 0
 delta(WSSR) : 0                 limit for stopping : 1e-05
 lambda	  : 360516

initial set of free parameter values

Ro              = 1.3e+07
Voff            = 2
sigma           = 10

After 11 iterations the fit converged.
final sum of squares of residuals : 1.24198e+13
rel. change during last iteration : -9.95517e-09

degrees of freedom    (FIT_NDF)                        : 45
rms of residuals      (FIT_STDFIT) = sqrt(WSSR/ndf)    : 525352
variance of residuals (reduced chisquare) = WSSR/ndf   : 2.75995e+11

Final set of parameters            Asymptotic Standard Error
=======================            ==========================

Ro              = 1.48466e+07      +/- 3.516e+05    (2.368%)
Voff            = -0.70248         +/- 0.1033       (14.71%)
sigma           = 3.77694          +/- 0.1033       (2.735%)


correlation matrix of the fit parameters:

               Ro     Voff   sigma  
Ro              1.000 
Voff           -0.000  1.000 
sigma          -0.577  0.000  1.000 
