

*******************************************************************************
Tue Jul  1 16:17:13 2014


FIT:    data read from 'longsweep'.i using 1:3
        format = x:z
        x range restricted to [-50.0000 : 50.0000]
        #datapoints = 48
        residuals are weighted equally (unit weight)

function used for fitting: f1(x)
fitted parameters initialized with current variable values



 Iteration 0
 WSSR        : 6.27786e+14       delta(WSSR)/WSSR   : 0
 delta(WSSR) : 0                 limit for stopping : 1e-05
 lambda	  : 360516

initial set of free parameter values

Ro              = 1.3e+07
Voff            = 2
sigma           = 10

After 10 iterations the fit converged.
final sum of squares of residuals : 4.54768e+13
rel. change during last iteration : -3.2826e-06

degrees of freedom    (FIT_NDF)                        : 45
rms of residuals      (FIT_STDFIT) = sqrt(WSSR/ndf)    : 1.00528e+06
variance of residuals (reduced chisquare) = WSSR/ndf   : 1.01059e+12

Final set of parameters            Asymptotic Standard Error
=======================            ==========================

Ro              = 1.34819e+07      +/- 5.415e+05    (4.017%)
Voff            = -4.0849          +/- 0.2705       (6.621%)
sigma           = 5.83011          +/- 0.2705       (4.639%)


correlation matrix of the fit parameters:

               Ro     Voff   sigma  
Ro              1.000 
Voff           -0.000  1.000 
sigma          -0.577  0.000  1.000 
