

*******************************************************************************
Tue Jul  1 16:17:13 2014


FIT:    data read from 'longsweep'.i using 1:3
        format = x:z
        x range restricted to [-50.0000 : 50.0000]
        #datapoints = 48
        residuals are weighted equally (unit weight)

function used for fitting: f1(x)
fitted parameters initialized with current variable values



 Iteration 0
 WSSR        : 2.52494e+14       delta(WSSR)/WSSR   : 0
 delta(WSSR) : 0                 limit for stopping : 1e-05
 lambda	  : 360516

initial set of free parameter values

Ro              = 1.3e+07
Voff            = 2
sigma           = 10

After 11 iterations the fit converged.
final sum of squares of residuals : 3.82805e+13
rel. change during last iteration : -2.52305e-06

degrees of freedom    (FIT_NDF)                        : 45
rms of residuals      (FIT_STDFIT) = sqrt(WSSR/ndf)    : 922322
variance of residuals (reduced chisquare) = WSSR/ndf   : 8.50677e+11

Final set of parameters            Asymptotic Standard Error
=======================            ==========================

Ro              = 1.53157e+07      +/- 4.915e+05    (3.209%)
Voff            = 1.47602          +/- 0.2208       (14.96%)
sigma           = 5.95791          +/- 0.2208       (3.706%)


correlation matrix of the fit parameters:

               Ro     Voff   sigma  
Ro              1.000 
Voff            0.000  1.000 
sigma          -0.577 -0.000  1.000 


*******************************************************************************
Wed Jul  2 12:15:09 2014


FIT:    data read from 'longsweep'.i using 1:3
        format = x:z
        x range restricted to [-50.0000 : 50.0000]
        #datapoints = 48
        residuals are weighted equally (unit weight)

function used for fitting: f1(x)
fitted parameters initialized with current variable values



 Iteration 0
 WSSR        : 2.52494e+14       delta(WSSR)/WSSR   : 0
 delta(WSSR) : 0                 limit for stopping : 1e-05
 lambda	  : 360516

initial set of free parameter values

Ro              = 1.3e+07
Voff            = 2
sigma           = 10

After 11 iterations the fit converged.
final sum of squares of residuals : 3.82805e+13
rel. change during last iteration : -2.52305e-06

degrees of freedom    (FIT_NDF)                        : 45
rms of residuals      (FIT_STDFIT) = sqrt(WSSR/ndf)    : 922322
variance of residuals (reduced chisquare) = WSSR/ndf   : 8.50677e+11

Final set of parameters            Asymptotic Standard Error
=======================            ==========================

Ro              = 1.53157e+07      +/- 4.915e+05    (3.209%)
Voff            = 1.47602          +/- 0.2208       (14.96%)
sigma           = 5.95791          +/- 0.2208       (3.706%)


correlation matrix of the fit parameters:

               Ro     Voff   sigma  
Ro              1.000 
Voff            0.000  1.000 
sigma          -0.577 -0.000  1.000 


*******************************************************************************
Wed Jul  2 12:15:40 2014


FIT:    data read from 'longsweep'.i using 1:3
        format = x:z
        x range restricted to [-50.0000 : 50.0000]
        #datapoints = 48
        residuals are weighted equally (unit weight)

function used for fitting: f1(x)
fitted parameters initialized with current variable values



 Iteration 0
 WSSR        : 2.52494e+14       delta(WSSR)/WSSR   : 0
 delta(WSSR) : 0                 limit for stopping : 1e-05
 lambda	  : 360516

initial set of free parameter values

Ro              = 1.3e+07
Voff            = 2
sigma           = 10

After 11 iterations the fit converged.
final sum of squares of residuals : 3.82805e+13
rel. change during last iteration : -2.52305e-06

degrees of freedom    (FIT_NDF)                        : 45
rms of residuals      (FIT_STDFIT) = sqrt(WSSR/ndf)    : 922322
variance of residuals (reduced chisquare) = WSSR/ndf   : 8.50677e+11

Final set of parameters            Asymptotic Standard Error
=======================            ==========================

Ro              = 1.53157e+07      +/- 4.915e+05    (3.209%)
Voff            = 1.47602          +/- 0.2208       (14.96%)
sigma           = 5.95791          +/- 0.2208       (3.706%)


correlation matrix of the fit parameters:

               Ro     Voff   sigma  
Ro              1.000 
Voff            0.000  1.000 
sigma          -0.577 -0.000  1.000 


*******************************************************************************
Wed Jul  2 12:16:12 2014


FIT:    data read from 'longsweep'.i using 1:3
        format = x:z
        x range restricted to [-50.0000 : 50.0000]
        #datapoints = 48
        residuals are weighted equally (unit weight)

function used for fitting: f1(x)
fitted parameters initialized with current variable values



 Iteration 0
 WSSR        : 2.52494e+14       delta(WSSR)/WSSR   : 0
 delta(WSSR) : 0                 limit for stopping : 1e-05
 lambda	  : 360516

initial set of free parameter values

Ro              = 1.3e+07
Voff            = 2
sigma           = 10

After 11 iterations the fit converged.
final sum of squares of residuals : 3.82805e+13
rel. change during last iteration : -2.52305e-06

degrees of freedom    (FIT_NDF)                        : 45
rms of residuals      (FIT_STDFIT) = sqrt(WSSR/ndf)    : 922322
variance of residuals (reduced chisquare) = WSSR/ndf   : 8.50677e+11

Final set of parameters            Asymptotic Standard Error
=======================            ==========================

Ro              = 1.53157e+07      +/- 4.915e+05    (3.209%)
Voff            = 1.47602          +/- 0.2208       (14.96%)
sigma           = 5.95791          +/- 0.2208       (3.706%)


correlation matrix of the fit parameters:

               Ro     Voff   sigma  
Ro              1.000 
Voff            0.000  1.000 
sigma          -0.577 -0.000  1.000 
