

*******************************************************************************
Tue Jul  1 16:17:13 2014


FIT:    data read from 'longsweep'.i using 1:3
        format = x:z
        x range restricted to [-50.0000 : 50.0000]
        #datapoints = 48
        residuals are weighted equally (unit weight)

function used for fitting: f1(x)
fitted parameters initialized with current variable values



 Iteration 0
 WSSR        : 3.37692e+14       delta(WSSR)/WSSR   : 0
 delta(WSSR) : 0                 limit for stopping : 1e-05
 lambda	  : 360516

initial set of free parameter values

Ro              = 1.3e+07
Voff            = 2
sigma           = 10

After 11 iterations the fit converged.
final sum of squares of residuals : 3.34651e+13
rel. change during last iteration : -5.23208e-06

degrees of freedom    (FIT_NDF)                        : 45
rms of residuals      (FIT_STDFIT) = sqrt(WSSR/ndf)    : 862363
variance of residuals (reduced chisquare) = WSSR/ndf   : 7.4367e+11

Final set of parameters            Asymptotic Standard Error
=======================            ==========================

Ro              = 1.53162e+07      +/- 4.876e+05    (3.184%)
Voff            = 2.5099           +/- 0.1945       (7.751%)
sigma           = 5.29054          +/- 0.1945       (3.677%)


correlation matrix of the fit parameters:

               Ro     Voff   sigma  
Ro              1.000 
Voff            0.000  1.000 
sigma          -0.577 -0.000  1.000 
