

*******************************************************************************
Tue Jul  1 15:57:26 2014


FIT:    data read from 'longsweep'.i using 1:3
        format = x:z
        x range restricted to [-50.0000 : 50.0000]
        #datapoints = 48
        residuals are weighted equally (unit weight)

function used for fitting: f1(x)
fitted parameters initialized with current variable values



 Iteration 0
 WSSR        : 6.81039e+14       delta(WSSR)/WSSR   : 0
 delta(WSSR) : 0                 limit for stopping : 1e-05
 lambda	  : 360516

initial set of free parameter values

Ro              = 1.3e+07
Voff            = 2
sigma           = 10

After 10 iterations the fit converged.
final sum of squares of residuals : 1.43966e+13
rel. change during last iteration : -2.8603e-06

degrees of freedom    (FIT_NDF)                        : 45
rms of residuals      (FIT_STDFIT) = sqrt(WSSR/ndf)    : 565618
variance of residuals (reduced chisquare) = WSSR/ndf   : 3.19924e+11

Final set of parameters            Asymptotic Standard Error
=======================            ==========================

Ro              = 1.48315e+07      +/- 2.943e+05    (1.984%)
Voff            = -5.73536         +/- 0.1432       (2.497%)
sigma           = 6.25021          +/- 0.1432       (2.292%)


correlation matrix of the fit parameters:

               Ro     Voff   sigma  
Ro              1.000 
Voff           -0.001  1.000 
sigma          -0.577  0.000  1.000 
