

*******************************************************************************
Tue Jul  1 15:57:26 2014


FIT:    data read from 'longsweep'.i using 1:3
        format = x:z
        x range restricted to [-50.0000 : 50.0000]
        #datapoints = 48
        residuals are weighted equally (unit weight)

function used for fitting: f1(x)
fitted parameters initialized with current variable values



 Iteration 0
 WSSR        : 6.92926e+14       delta(WSSR)/WSSR   : 0
 delta(WSSR) : 0                 limit for stopping : 1e-05
 lambda	  : 360516

initial set of free parameter values

Ro              = 1.3e+07
Voff            = 2
sigma           = 10

After 10 iterations the fit converged.
final sum of squares of residuals : 3.27786e+13
rel. change during last iteration : -1.48439e-06

degrees of freedom    (FIT_NDF)                        : 45
rms of residuals      (FIT_STDFIT) = sqrt(WSSR/ndf)    : 853471
variance of residuals (reduced chisquare) = WSSR/ndf   : 7.28413e+11

Final set of parameters            Asymptotic Standard Error
=======================            ==========================

Ro              = 1.25654e+07      +/- 5.004e+05    (3.983%)
Voff            = -3.69837         +/- 0.2263       (6.12%)
sigma           = 4.92029          +/- 0.2263       (4.6%)


correlation matrix of the fit parameters:

               Ro     Voff   sigma  
Ro              1.000 
Voff           -0.000  1.000 
sigma          -0.577  0.000  1.000 
