

*******************************************************************************
Tue Jul  1 15:57:26 2014


FIT:    data read from 'longsweep'.i using 1:3
        format = x:z
        x range restricted to [-50.0000 : 50.0000]
        #datapoints = 48
        residuals are weighted equally (unit weight)

function used for fitting: f1(x)
fitted parameters initialized with current variable values



 Iteration 0
 WSSR        : 8.17194e+14       delta(WSSR)/WSSR   : 0
 delta(WSSR) : 0                 limit for stopping : 1e-05
 lambda	  : 360516

initial set of free parameter values

Ro              = 1.3e+07
Voff            = 2
sigma           = 10

After 11 iterations the fit converged.
final sum of squares of residuals : 2.0736e+13
rel. change during last iteration : -5.48657e-07

degrees of freedom    (FIT_NDF)                        : 45
rms of residuals      (FIT_STDFIT) = sqrt(WSSR/ndf)    : 678822
variance of residuals (reduced chisquare) = WSSR/ndf   : 4.60799e+11

Final set of parameters            Asymptotic Standard Error
=======================            ==========================

Ro              = 1.50362e+07      +/- 4.191e+05    (2.787%)
Voff            = -4.89616         +/- 0.1429       (2.918%)
sigma           = 4.43832          +/- 0.1429       (3.219%)


correlation matrix of the fit parameters:

               Ro     Voff   sigma  
Ro              1.000 
Voff           -0.001  1.000 
sigma          -0.577  0.001  1.000 
