

*******************************************************************************
Tue Jul  1 15:57:26 2014


FIT:    data read from 'longsweep'.i using 1:3
        format = x:z
        x range restricted to [-50.0000 : 50.0000]
        #datapoints = 48
        residuals are weighted equally (unit weight)

function used for fitting: f1(x)
fitted parameters initialized with current variable values



 Iteration 0
 WSSR        : 1.00875e+15       delta(WSSR)/WSSR   : 0
 delta(WSSR) : 0                 limit for stopping : 1e-05
 lambda	  : 360516

initial set of free parameter values

Ro              = 1.3e+07
Voff            = 2
sigma           = 10

After 11 iterations the fit converged.
final sum of squares of residuals : 3.75333e+13
rel. change during last iteration : -2.53988e-06

degrees of freedom    (FIT_NDF)                        : 45
rms of residuals      (FIT_STDFIT) = sqrt(WSSR/ndf)    : 913276
variance of residuals (reduced chisquare) = WSSR/ndf   : 8.34072e+11

Final set of parameters            Asymptotic Standard Error
=======================            ==========================

Ro              = 1.51729e+07      +/- 4.783e+05    (3.152%)
Voff            = -7.61293         +/- 0.2246       (2.95%)
sigma           = 6.16895          +/- 0.2246       (3.641%)


correlation matrix of the fit parameters:

               Ro     Voff   sigma  
Ro              1.000 
Voff           -0.001  1.000 
sigma          -0.577  0.001  1.000 
